#
# A fatal error has been detected by the Java Runtime Environment:
#
#  EXCEPTION_ACCESS_VIOLATION (0xc0000005) at pc=0x00007ffb983ef8d7, pid=14956, tid=21324
#
# JRE version: OpenJDK Runtime Environment Corretto-17.0.9.8.1 (17.0.9+8) (build 17.0.9+8-LTS)
# Java VM: OpenJDK 64-Bit Server VM Corretto-17.0.9.8.1 (17.0.9+8-LTS, mixed mode, sharing, tiered, compressed oops, compressed class ptrs, g1 gc, windows-amd64)
# Problematic frame:
# C  [awt.dll+0x1f8d7]
#
# No core dump will be written. Minidumps are not enabled by default on client versions of Windows
#
# If you would like to submit a bug report, please visit:
#   https://github.com/corretto/corretto-17/issues/
# The crash happened outside the Java Virtual Machine in native code.
# See problematic frame for where to report the bug.
#

---------------  S U M M A R Y ------------

Command Line: -agentlib:jdwp=transport=dt_socket,address=127.0.0.1:48683,suspend=y,server=n -javaagent:C:\Users\Equipo\AppData\Local\JetBrains\IdeaIC2023.2\captureAgent\debugger-agent.jar -Dfile.encoding=UTF-8 presentation.GomokuGUI

Host: 12th Gen Intel(R) Core(TM) i5-12400, 12 cores, 39G,  Windows 10 , 64 bit Build 19041 (10.0.19041.3636)
Time: Sun Nov 26 17:59:29 2023 Hora est. Pacífico, Sudamérica elapsed time: 166.514516 seconds (0d 0h 2m 46s)

---------------  T H R E A D  ---------------

Current thread (0x0000020057191770):  JavaThread "AWT-EventQueue-0" [_thread_in_native, id=21324, stack(0x000000e795c00000,0x000000e795d00000)]

Stack: [0x000000e795c00000,0x000000e795d00000],  sp=0x000000e795cfe420,  free space=1017k
Native frames: (J=compiled Java code, j=interpreted, Vv=VM code, C=native code)
C  [awt.dll+0x1f8d7]

Java frames: (J=compiled Java code, j=interpreted, Vv=VM code)
j  sun.java2d.d3d.D3DSurfaceData.initOps(III)V+0 java.desktop@17.0.9
j  sun.java2d.d3d.D3DSurfaceData.<init>(Lsun/awt/windows/WComponentPeer;Lsun/java2d/d3d/D3DGraphicsConfig;IILjava/awt/Image;Ljava/awt/image/ColorModel;IILsun/java2d/pipe/hw/ExtendedBufferCapabilities$VSyncType;I)V+212 java.desktop@17.0.9
j  sun.java2d.d3d.D3DSurfaceData.createData(Lsun/java2d/d3d/D3DGraphicsConfig;IILjava/awt/image/ColorModel;Ljava/awt/Image;I)Lsun/java2d/d3d/D3DSurfaceData;+70 java.desktop@17.0.9
j  sun.java2d.d3d.D3DVolatileSurfaceManager.initAcceleratedSurface()Lsun/java2d/SurfaceData;+142 java.desktop@17.0.9
j  sun.java2d.d3d.D3DVolatileSurfaceManager.restoreAcceleratedSurface()V+49 java.desktop@17.0.9
j  sun.awt.image.VolatileSurfaceManager.validate(Ljava/awt/GraphicsConfiguration;)I+94 java.desktop@17.0.9
j  sun.awt.image.SunVolatileImage.validate(Ljava/awt/GraphicsConfiguration;)I+5 java.desktop@17.0.9
j  javax.swing.RepaintManager$PaintManager.paint(Ljavax/swing/JComponent;Ljavax/swing/JComponent;Ljava/awt/Graphics;IIII)Z+78 java.desktop@17.0.9
j  javax.swing.RepaintManager.paint(Ljavax/swing/JComponent;Ljavax/swing/JComponent;Ljava/awt/Graphics;IIII)V+52 java.desktop@17.0.9
j  javax.swing.JComponent._paintImmediately(IIII)V+683 java.desktop@17.0.9
j  javax.swing.JComponent.paintImmediately(IIII)V+138 java.desktop@17.0.9
j  javax.swing.RepaintManager$4.run()Ljava/lang/Void;+81 java.desktop@17.0.9
j  javax.swing.RepaintManager$4.run()Ljava/lang/Object;+1 java.desktop@17.0.9
j  java.security.AccessController.executePrivileged(Ljava/security/PrivilegedAction;Ljava/security/AccessControlContext;Ljava/lang/Class;)Ljava/lang/Object;+29 java.base@17.0.9
j  java.security.AccessController.doPrivileged(Ljava/security/PrivilegedAction;Ljava/security/AccessControlContext;)Ljava/lang/Object;+13 java.base@17.0.9
j  java.security.ProtectionDomain$JavaSecurityAccessImpl.doIntersectionPrivilege(Ljava/security/PrivilegedAction;Ljava/security/AccessControlContext;Ljava/security/AccessControlContext;)Ljava/lang/Object;+18 java.base@17.0.9
j  javax.swing.RepaintManager.paintDirtyRegions(Ljava/util/Map;)V+154 java.desktop@17.0.9
j  javax.swing.RepaintManager.paintDirtyRegions()V+46 java.desktop@17.0.9
j  javax.swing.RepaintManager.prePaintDirtyRegions()V+73 java.desktop@17.0.9
j  javax.swing.RepaintManager$ProcessingRunnable.run()V+37 java.desktop@17.0.9
j  java.awt.event.InvocationEvent.dispatch$$$capture()V+47 java.desktop@17.0.9
j  java.awt.event.InvocationEvent.dispatch()V+5 java.desktop@17.0.9
j  java.awt.EventQueue.dispatchEventImpl(Ljava/awt/AWTEvent;Ljava/lang/Object;)V+21 java.desktop@17.0.9
j  java.awt.EventQueue$4.run()Ljava/lang/Void;+32 java.desktop@17.0.9
j  java.awt.EventQueue$4.run()Ljava/lang/Object;+1 java.desktop@17.0.9
j  java.security.AccessController.executePrivileged(Ljava/security/PrivilegedAction;Ljava/security/AccessControlContext;Ljava/lang/Class;)Ljava/lang/Object;+29 java.base@17.0.9
j  java.security.AccessController.doPrivileged(Ljava/security/PrivilegedAction;Ljava/security/AccessControlContext;)Ljava/lang/Object;+13 java.base@17.0.9
j  java.security.ProtectionDomain$JavaSecurityAccessImpl.doIntersectionPrivilege(Ljava/security/PrivilegedAction;Ljava/security/AccessControlContext;Ljava/security/AccessControlContext;)Ljava/lang/Object;+18 java.base@17.0.9
j  java.awt.EventQueue.dispatchEvent(Ljava/awt/AWTEvent;)V+46 java.desktop@17.0.9
j  java.awt.EventDispatchThread.pumpOneEventForFilters(I)V+78 java.desktop@17.0.9
j  java.awt.EventDispatchThread.pumpEventsForFilter(ILjava/awt/Conditional;Ljava/awt/EventFilter;)V+35 java.desktop@17.0.9
j  java.awt.EventDispatchThread.pumpEventsForHierarchy(ILjava/awt/Conditional;Ljava/awt/Component;)V+11 java.desktop@17.0.9
j  java.awt.EventDispatchThread.pumpEvents(ILjava/awt/Conditional;)V+4 java.desktop@17.0.9
j  java.awt.EventDispatchThread.pumpEvents(Ljava/awt/Conditional;)V+3 java.desktop@17.0.9
j  java.awt.EventDispatchThread.run()V+9 java.desktop@17.0.9
v  ~StubRoutines::call_stub

siginfo: EXCEPTION_ACCESS_VIOLATION (0xc0000005), reading address 0x0000000000000000


Registers:
RAX=0x0000000000000001, RBX=0x0000000000000000, RCX=0x0000000000000000, RDX=0x0000000000000000
RSP=0x000000e795cfe420, RBP=0x0000000000010001, RSI=0x0000020057589790, RDI=0x0000000000000001
R8 =0x0000000000000000, R9 =0x0000000000000000, R10=0x0000020057590490, R11=0x000002008a310ae0
R12=0x0000000000000000, R13=0x00000200586e48b8, R14=0x000000e795cfe548, R15=0x0000020057191770
RIP=0x00007ffb983ef8d7, EFLAGS=0x0000000000010202


Register to memory mapping:

RIP=0x00007ffb983ef8d7 awt.dll
RAX=0x0000000000000001 is an unknown value
RBX=0x0 is NULL
RCX=0x0 is NULL
RDX=0x0 is NULL
RSP=0x000000e795cfe420 is pointing into the stack for thread: 0x0000020057191770
RBP=0x0000000000010001 is an unknown value
RSI=0x0000020057589790 points into unknown readable memory: 0x6e75735f00000001 | 01 00 00 00 5f 73 75 6e
RDI=0x0000000000000001 is an unknown value
R8 =0x0 is NULL
R9 =0x0 is NULL
R10=0x0000020057590490 points into unknown readable memory: 0x0000001e00000003 | 03 00 00 00 1e 00 00 00
R11=0x000002008a310ae0 points into unknown readable memory: 0x00007ffb983f3710 | 10 37 3f 98 fb 7f 00 00
R12=0x0 is NULL
R13={method} {0x00000200586e48c0} 'initOps' '(III)V' in 'sun/java2d/d3d/D3DSurfaceData'
R14=0x000000e795cfe548 is pointing into the stack for thread: 0x0000020057191770
R15=0x0000020057191770 is a thread


Top of Stack: (sp=0x000000e795cfe420)
0x000000e795cfe420:   0000020057589790 00000200575a7b70
0x000000e795cfe430:   000002008a310ae0 0000000000000058
0x000000e795cfe440:   0000000000000000 00007ffb983f3ec4
0x000000e795cfe450:   000002008a310ae0 0000000000000000
0x000000e795cfe460:   000000000000043d 0000020073490e1d
0x000000e795cfe470:   0000000023200021 0000020073491366
0x000000e795cfe480:   00000200586e48b8 000000e795cfe510
0x000000e795cfe490:   0000000000000000 0000020073490e76
0x000000e795cfe4a0:   0000020000000390 000002007349e5ea
0x000000e795cfe4b0:   0000000023200021 000002007348fad5
0x000000e795cfe4c0:   0000020073490e1d 000000e795cfe4c8
0x000000e795cfe4d0:   00000200586e48b8 000000e795cfe548
0x000000e795cfe4e0:   00000200586e6ed0 0000000000000000
0x000000e795cfe4f0:   0000000583b085c8 00000200586e48b8
0x000000e795cfe500:   0000000000000000 000000e795cfe530
0x000000e795cfe510:   000000e795cfe598 0000020073489efa
0x000000e795cfe520:   0000000000000000 000002007348d4f8
0x000000e795cfe530:   0000000000000390 000000000000043d
0x000000e795cfe540:   0000000000000000 000000059e08d210
0x000000e795cfe550:   000000e795cfe550 00000200586e4a24
0x000000e795cfe560:   000000e795cfe600 00000200586e6ed0
0x000000e795cfe570:   0000000000000000 0000000583b085c8
0x000000e795cfe580:   00000200586e4af8 000000e795cfe530
0x000000e795cfe590:   000000e795cfe5b0 000000e795cfe658
0x000000e795cfe5a0:   0000020073489efa 0000000000000000
0x000000e795cfe5b0:   0000000000000005 0000000583861e08
0x000000e795cfe5c0:   0000000000000001 0000000000000000
0x000000e795cfe5d0:   000000059e08d0e0 00000005838a96f8
0x000000e795cfe5e0:   0000000000000390 000000000000043d
0x000000e795cfe5f0:   0000000583861a70 0000000000000000
0x000000e795cfe600:   000000059e08d210 000000059e08d210
0x000000e795cfe610:   000000e795cfe610 00000200586e5026 

Instructions: (pc=0x00007ffb983ef8d7)
0x00007ffb983ef7d7:   00 00 41 b8 04 00 00 00 48 8d 94 24 9a 01 00 00
0x00007ffb983ef7e7:   48 8d 8c 24 90 03 00 00 8b d8 ff 15 39 0d 0d 00
0x00007ffb983ef7f7:   4c 8d 44 24 20 48 8d 15 c5 16 0e 00 48 8d 8c 24
0x00007ffb983ef807:   90 03 00 00 e8 d0 0b 00 00 83 fb 01 75 1a 3b c3
0x00007ffb983ef817:   75 16 8b 54 24 20 4d 8b c6 8b 4c 24 24 e8 77 f6
0x00007ffb983ef827:   ff ff 85 c0 79 02 ff c6 ff c7 4c 8d 44 24 30 8b
0x00007ffb983ef837:   d7 45 33 c9 33 c9 ff 15 7d 65 12 00 85 c0 0f 85
0x00007ffb983ef847:   1b ff ff ff 4c 8b b4 24 c8 03 00 00 48 8b 9c 24
0x00007ffb983ef857:   c0 03 00 00 3b f5 74 04 33 c0 eb 18 ba 01 00 00
0x00007ffb983ef867:   00 4c 8d 05 61 16 0e 00 8b ca e8 8a 59 05 00 b8
0x00007ffb983ef877:   05 40 00 80 48 8b 8c 24 a0 03 00 00 48 33 cc e8
0x00007ffb983ef887:   15 c0 0c 00 4c 8d 9c 24 b0 03 00 00 49 8b 6b 20
0x00007ffb983ef897:   49 8b 73 28 49 8b e3 5f c3 48 89 6c 24 18 56 48
0x00007ffb983ef8a7:   83 ec 20 48 8b f1 48 8b ea 48 8b 49 08 48 85 c9
0x00007ffb983ef8b7:   74 4b 48 8b 01 48 89 5c 24 30 48 89 7c 24 38 ff
0x00007ffb983ef8c7:   50 20 33 db 8b f8 85 c0 74 18 48 8b 4e 08 8b d3
0x00007ffb983ef8d7:   4c 8b 01 41 ff 50 78 48 3b c5 74 1d ff c3 3b df
0x00007ffb983ef8e7:   72 e8 33 c0 48 8b 5c 24 30 48 8b 7c 24 38 48 8b
0x00007ffb983ef8f7:   6c 24 40 48 83 c4 20 5e c3 8b c3 eb e7 48 8b 6c
0x00007ffb983ef907:   24 40 33 c0 48 83 c4 20 5e c3 cc cc cc cc cc cc
0x00007ffb983ef917:   cc cc cc cc cc cc cc cc cc 40 53 48 83 ec 20 48
0x00007ffb983ef927:   8b d9 8b ca e8 30 bb 0b 00 48 85 c0 75 06 48 83
0x00007ffb983ef937:   c4 20 5b c3 48 8b d0 48 8b cb 48 83 c4 20 5b e9
0x00007ffb983ef947:   55 ff ff ff cc cc cc cc cc 48 63 41 18 48 8b d1
0x00007ffb983ef957:   85 c0 79 05 48 8b 41 20 c3 48 8d 0c 40 48 8b 42
0x00007ffb983ef967:   30 48 8b 44 c8 10 c3 cc cc 48 89 5c 24 08 48 89
0x00007ffb983ef977:   74 24 10 57 41 56 41 57 48 83 ec 20 33 db 8b fa
0x00007ffb983ef987:   4d 8b f8 48 8b f1 3b 11 0f 83 b4 00 00 00 48 8b
0x00007ffb983ef997:   49 30 48 85 c9 0f 84 a7 00 00 00 4c 8d 04 7f 4e
0x00007ffb983ef9a7:   8d 34 c5 00 00 00 00 41 8b 54 0e 08 49 8d 04 0e
0x00007ffb983ef9b7:   83 fa ff 0f 84 89 00 00 00 85 d2 75 7a 48 89 5c
0x00007ffb983ef9c7:   24 58 48 39 18 74 07 bb 05 40 00 80 eb 45 8b d7 


Stack slot to memory mapping:
stack at sp + 0 slots: 0x0000020057589790 points into unknown readable memory: 0x6e75735f00000001 | 01 00 00 00 5f 73 75 6e
stack at sp + 1 slots: 0x00000200575a7b70 points into unknown readable memory: 0x000002007f7683c0 | c0 83 76 7f 00 02 00 00
stack at sp + 2 slots: 0x000002008a310ae0 points into unknown readable memory: 0x00007ffb983f3710 | 10 37 3f 98 fb 7f 00 00
stack at sp + 3 slots: 0x0000000000000058 is an unknown value
stack at sp + 4 slots: 0x0 is NULL
stack at sp + 5 slots: 0x00007ffb983f3ec4 awt.dll
stack at sp + 6 slots: 0x000002008a310ae0 points into unknown readable memory: 0x00007ffb983f3710 | 10 37 3f 98 fb 7f 00 00
stack at sp + 7 slots: 0x0 is NULL


---------------  P R O C E S S  ---------------

Threads class SMR info:
_java_thread_list=0x000002008a08ad80, length=19, elements={
0x000002007f77fc70, 0x000002007f780830, 0x000002007f78ebc0, 0x000002007f78f780,
0x000002007f794160, 0x000002007f794d30, 0x000002007f796030, 0x000002007f7a2dd0,
0x000002007f799190, 0x0000020057191c80, 0x00000200572434c0, 0x0000020057191260,
0x00000200571926a0, 0x00000200571935d0, 0x0000020057191770, 0x0000020057192bb0,
0x00000200571930c0, 0x0000020057192190, 0x000002008a0b1b80
}

Java Threads: ( => current thread )
  0x000002007f77fc70 JavaThread "Reference Handler" daemon [_thread_blocked, id=21484, stack(0x000000e794900000,0x000000e794a00000)]
  0x000002007f780830 JavaThread "Finalizer" daemon [_thread_blocked, id=13720, stack(0x000000e794a00000,0x000000e794b00000)]
  0x000002007f78ebc0 JavaThread "Signal Dispatcher" daemon [_thread_blocked, id=8244, stack(0x000000e794b00000,0x000000e794c00000)]
  0x000002007f78f780 JavaThread "Attach Listener" daemon [_thread_blocked, id=19976, stack(0x000000e794c00000,0x000000e794d00000)]
  0x000002007f794160 JavaThread "Service Thread" daemon [_thread_blocked, id=20100, stack(0x000000e794d00000,0x000000e794e00000)]
  0x000002007f794d30 JavaThread "Monitor Deflation Thread" daemon [_thread_blocked, id=21348, stack(0x000000e794e00000,0x000000e794f00000)]
  0x000002007f796030 JavaThread "C2 CompilerThread0" daemon [_thread_blocked, id=20648, stack(0x000000e794f00000,0x000000e795000000)]
  0x000002007f7a2dd0 JavaThread "C1 CompilerThread0" daemon [_thread_blocked, id=17760, stack(0x000000e795000000,0x000000e795100000)]
  0x000002007f799190 JavaThread "Sweeper thread" daemon [_thread_blocked, id=19536, stack(0x000000e795100000,0x000000e795200000)]
  0x0000020057191c80 JavaThread "Common-Cleaner" daemon [_thread_blocked, id=20960, stack(0x000000e795200000,0x000000e795300000)]
  0x00000200572434c0 JavaThread "JDWP Event Helper Thread" daemon [_thread_blocked, id=21036, stack(0x000000e795500000,0x000000e795600000)]
  0x0000020057191260 JavaThread "Notification Thread" daemon [_thread_blocked, id=19368, stack(0x000000e795700000,0x000000e795800000)]
  0x00000200571926a0 JavaThread "Java2D Disposer" daemon [_thread_blocked, id=4792, stack(0x000000e795900000,0x000000e795a00000)]
  0x00000200571935d0 JavaThread "AWT-Shutdown" [_thread_blocked, id=10268, stack(0x000000e795a00000,0x000000e795b00000)]
=>0x0000020057191770 JavaThread "AWT-EventQueue-0" [_thread_in_native, id=21324, stack(0x000000e795c00000,0x000000e795d00000)]
  0x0000020057192bb0 JavaThread "DestroyJavaVM" [_thread_blocked, id=20844, stack(0x000000e794200000,0x000000e794300000)]
  0x00000200571930c0 JavaThread "TimerQueue" daemon [_thread_blocked, id=16736, stack(0x000000e797700000,0x000000e797800000)]
  0x0000020057192190 JavaThread "SIGINT handler" daemon [_thread_blocked, id=17256, stack(0x000000e793f00000,0x000000e794000000)]
  0x000002008a0b1b80 JavaThread "ToolkitShutdown" daemon [_thread_in_native, id=17456, stack(0x000000e794100000,0x000000e794200000)]

Other Threads:
  0x000002007f77c910 VMThread "VM Thread" [stack: 0x000000e794800000,0x000000e794900000] [id=16744]
  0x0000020057237470 WatcherThread [stack: 0x000000e795800000,0x000000e795900000] [id=19496]
  0x00000200644db440 GCTaskThread "GC Thread#0" [stack: 0x000000e794300000,0x000000e794400000] [id=1344]
  0x000002008a2f3ee0 GCTaskThread "GC Thread#1" [stack: 0x000000e796e00000,0x000000e796f00000] [id=6136]
  0x000002008a2f4720 GCTaskThread "GC Thread#2" [stack: 0x000000e796f00000,0x000000e797000000] [id=8000]
  0x000002008a2f3120 GCTaskThread "GC Thread#3" [stack: 0x000000e797000000,0x000000e797100000] [id=20224]
  0x000002008a2f33e0 GCTaskThread "GC Thread#4" [stack: 0x000000e797100000,0x000000e797200000] [id=13356]
  0x000002008a2f3c20 GCTaskThread "GC Thread#5" [stack: 0x000000e797200000,0x000000e797300000] [id=17872]
  0x000002008a2f36a0 GCTaskThread "GC Thread#6" [stack: 0x000000e797300000,0x000000e797400000] [id=16824]
  0x000002008a2f3960 GCTaskThread "GC Thread#7" [stack: 0x000000e797400000,0x000000e797500000] [id=20428]
  0x000002008a2f2e60 GCTaskThread "GC Thread#8" [stack: 0x000000e797500000,0x000000e797600000] [id=3856]
  0x000002008a2f41a0 GCTaskThread "GC Thread#9" [stack: 0x000000e797600000,0x000000e797700000] [id=19704]
  0x00000200644e82c0 ConcurrentGCThread "G1 Main Marker" [stack: 0x000000e794400000,0x000000e794500000] [id=16364]
  0x00000200644ea490 ConcurrentGCThread "G1 Conc#0" [stack: 0x000000e794500000,0x000000e794600000] [id=19652]
  0x000002007f6b6420 ConcurrentGCThread "G1 Refine#0" [stack: 0x000000e794600000,0x000000e794700000] [id=16844]
  0x000002007f6b6e50 ConcurrentGCThread "G1 Service" [stack: 0x000000e794700000,0x000000e794800000] [id=20304]

Threads with active compile tasks:

VM state: not at safepoint (normal execution)

VM Mutex/Monitor currently owned by a thread: None

Heap address: 0x0000000583800000, size: 10184 MB, Compressed Oops mode: Zero based, Oop shift amount: 3

CDS archive(s) mapped at: [0x0000020016000000-0x0000020016ba0000-0x0000020016ba0000), size 12189696, SharedBaseAddress: 0x0000020016000000, ArchiveRelocationMode: 1.
Compressed class space mapped at: 0x0000020017000000-0x0000020057000000, reserved size: 1073741824
Narrow klass base: 0x0000020016000000, Narrow klass shift: 0, Narrow klass range: 0x100000000

GC Precious Log:
 CPUs: 12 total, 12 available
 Memory: 40733M
 Large Page Support: Disabled
 NUMA Support: Disabled
 Compressed Oops: Enabled (Zero based)
 Heap Region Size: 8M
 Heap Min Capacity: 8M
 Heap Initial Capacity: 640M
 Heap Max Capacity: 10184M
 Pre-touch: Disabled
 Parallel Workers: 10
 Concurrent Workers: 3
 Concurrent Refinement Workers: 10
 Periodic GC: Disabled

Heap:
 garbage-first heap   total 655360K, used 235533K [0x0000000583800000, 0x0000000800000000)
  region size 8192K, 29 young (237568K), 1 survivors (8192K)
 Metaspace       used 10323K, committed 10752K, reserved 1114112K
  class space    used 1354K, committed 1536K, reserved 1048576K

Heap Regions: E=young(eden), S=young(survivor), O=old, HS=humongous(starts), HC=humongous(continues), CS=collection set, F=free, OA=open archive, CA=closed archive, TAMS=top-at-mark-start (previous, next)
|   0|0x0000000583800000, 0x0000000584000000, 0x0000000584000000|100%| O|  |TAMS 0x0000000583800000, 0x0000000583800000| Untracked 
|   1|0x0000000584000000, 0x000000058446c000, 0x0000000584800000| 55%| O|  |TAMS 0x0000000584000000, 0x0000000584000000| Untracked 
|   2|0x0000000584800000, 0x0000000584800000, 0x0000000585000000|  0%| F|  |TAMS 0x0000000584800000, 0x0000000584800000| Untracked 
|   3|0x0000000585000000, 0x0000000585000000, 0x0000000585800000|  0%| F|  |TAMS 0x0000000585000000, 0x0000000585000000| Untracked 
|   4|0x0000000585800000, 0x0000000585800000, 0x0000000586000000|  0%| F|  |TAMS 0x0000000585800000, 0x0000000585800000| Untracked 
|   5|0x0000000586000000, 0x0000000586000000, 0x0000000586800000|  0%| F|  |TAMS 0x0000000586000000, 0x0000000586000000| Untracked 
|   6|0x0000000586800000, 0x0000000586800000, 0x0000000587000000|  0%| F|  |TAMS 0x0000000586800000, 0x0000000586800000| Untracked 
|   7|0x0000000587000000, 0x0000000587000000, 0x0000000587800000|  0%| F|  |TAMS 0x0000000587000000, 0x0000000587000000| Untracked 
|   8|0x0000000587800000, 0x0000000587800000, 0x0000000588000000|  0%| F|  |TAMS 0x0000000587800000, 0x0000000587800000| Untracked 
|   9|0x0000000588000000, 0x0000000588000000, 0x0000000588800000|  0%| F|  |TAMS 0x0000000588000000, 0x0000000588000000| Untracked 
|  10|0x0000000588800000, 0x0000000588800000, 0x0000000589000000|  0%| F|  |TAMS 0x0000000588800000, 0x0000000588800000| Untracked 
|  11|0x0000000589000000, 0x0000000589000000, 0x0000000589800000|  0%| F|  |TAMS 0x0000000589000000, 0x0000000589000000| Untracked 
|  12|0x0000000589800000, 0x0000000589800000, 0x000000058a000000|  0%| F|  |TAMS 0x0000000589800000, 0x0000000589800000| Untracked 
|  13|0x000000058a000000, 0x000000058a000000, 0x000000058a800000|  0%| F|  |TAMS 0x000000058a000000, 0x000000058a000000| Untracked 
|  14|0x000000058a800000, 0x000000058a800000, 0x000000058b000000|  0%| F|  |TAMS 0x000000058a800000, 0x000000058a800000| Untracked 
|  15|0x000000058b000000, 0x000000058b000000, 0x000000058b800000|  0%| F|  |TAMS 0x000000058b000000, 0x000000058b000000| Untracked 
|  16|0x000000058b800000, 0x000000058b800000, 0x000000058c000000|  0%| F|  |TAMS 0x000000058b800000, 0x000000058b800000| Untracked 
|  17|0x000000058c000000, 0x000000058c000000, 0x000000058c800000|  0%| F|  |TAMS 0x000000058c000000, 0x000000058c000000| Untracked 
|  18|0x000000058c800000, 0x000000058c800000, 0x000000058d000000|  0%| F|  |TAMS 0x000000058c800000, 0x000000058c800000| Untracked 
|  19|0x000000058d000000, 0x000000058d000000, 0x000000058d800000|  0%| F|  |TAMS 0x000000058d000000, 0x000000058d000000| Untracked 
|  20|0x000000058d800000, 0x000000058d800000, 0x000000058e000000|  0%| F|  |TAMS 0x000000058d800000, 0x000000058d800000| Untracked 
|  21|0x000000058e000000, 0x000000058e000000, 0x000000058e800000|  0%| F|  |TAMS 0x000000058e000000, 0x000000058e000000| Untracked 
|  22|0x000000058e800000, 0x000000058e800000, 0x000000058f000000|  0%| F|  |TAMS 0x000000058e800000, 0x000000058e800000| Untracked 
|  23|0x000000058f000000, 0x000000058f000000, 0x000000058f800000|  0%| F|  |TAMS 0x000000058f000000, 0x000000058f000000| Untracked 
|  24|0x000000058f800000, 0x000000058f800000, 0x0000000590000000|  0%| F|  |TAMS 0x000000058f800000, 0x000000058f800000| Untracked 
|  25|0x0000000590000000, 0x0000000590000000, 0x0000000590800000|  0%| F|  |TAMS 0x0000000590000000, 0x0000000590000000| Untracked 
|  26|0x0000000590800000, 0x0000000590800000, 0x0000000591000000|  0%| F|  |TAMS 0x0000000590800000, 0x0000000590800000| Untracked 
|  27|0x0000000591000000, 0x0000000591000000, 0x0000000591800000|  0%| F|  |TAMS 0x0000000591000000, 0x0000000591000000| Untracked 
|  28|0x0000000591800000, 0x0000000591800000, 0x0000000592000000|  0%| F|  |TAMS 0x0000000591800000, 0x0000000591800000| Untracked 
|  29|0x0000000592000000, 0x0000000592000000, 0x0000000592800000|  0%| F|  |TAMS 0x0000000592000000, 0x0000000592000000| Untracked 
|  30|0x0000000592800000, 0x0000000592800000, 0x0000000593000000|  0%| F|  |TAMS 0x0000000592800000, 0x0000000592800000| Untracked 
|  31|0x0000000593000000, 0x00000005931977d0, 0x0000000593800000| 19%| S|CS|TAMS 0x0000000593000000, 0x0000000593000000| Complete 
|  32|0x0000000593800000, 0x0000000593800000, 0x0000000594000000|  0%| F|  |TAMS 0x0000000593800000, 0x0000000593800000| Untracked 
|  33|0x0000000594000000, 0x0000000594000000, 0x0000000594800000|  0%| F|  |TAMS 0x0000000594000000, 0x0000000594000000| Untracked 
|  34|0x0000000594800000, 0x0000000594800000, 0x0000000595000000|  0%| F|  |TAMS 0x0000000594800000, 0x0000000594800000| Untracked 
|  35|0x0000000595000000, 0x0000000595000000, 0x0000000595800000|  0%| F|  |TAMS 0x0000000595000000, 0x0000000595000000| Untracked 
|  36|0x0000000595800000, 0x0000000595800000, 0x0000000596000000|  0%| F|  |TAMS 0x0000000595800000, 0x0000000595800000| Untracked 
|  37|0x0000000596000000, 0x0000000596000000, 0x0000000596800000|  0%| F|  |TAMS 0x0000000596000000, 0x0000000596000000| Untracked 
|  38|0x0000000596800000, 0x0000000596800000, 0x0000000597000000|  0%| F|  |TAMS 0x0000000596800000, 0x0000000596800000| Untracked 
|  39|0x0000000597000000, 0x0000000597000000, 0x0000000597800000|  0%| F|  |TAMS 0x0000000597000000, 0x0000000597000000| Untracked 
|  40|0x0000000597800000, 0x0000000597800000, 0x0000000598000000|  0%| F|  |TAMS 0x0000000597800000, 0x0000000597800000| Untracked 
|  41|0x0000000598000000, 0x0000000598000000, 0x0000000598800000|  0%| F|  |TAMS 0x0000000598000000, 0x0000000598000000| Untracked 
|  42|0x0000000598800000, 0x0000000598800000, 0x0000000599000000|  0%| F|  |TAMS 0x0000000598800000, 0x0000000598800000| Untracked 
|  43|0x0000000599000000, 0x0000000599000000, 0x0000000599800000|  0%| F|  |TAMS 0x0000000599000000, 0x0000000599000000| Untracked 
|  44|0x0000000599800000, 0x0000000599800000, 0x000000059a000000|  0%| F|  |TAMS 0x0000000599800000, 0x0000000599800000| Untracked 
|  45|0x000000059a000000, 0x000000059a000000, 0x000000059a800000|  0%| F|  |TAMS 0x000000059a000000, 0x000000059a000000| Untracked 
|  46|0x000000059a800000, 0x000000059a800000, 0x000000059b000000|  0%| F|  |TAMS 0x000000059a800000, 0x000000059a800000| Untracked 
|  47|0x000000059b000000, 0x000000059b000000, 0x000000059b800000|  0%| F|  |TAMS 0x000000059b000000, 0x000000059b000000| Untracked 
|  48|0x000000059b800000, 0x000000059b800000, 0x000000059c000000|  0%| F|  |TAMS 0x000000059b800000, 0x000000059b800000| Untracked 
|  49|0x000000059c000000, 0x000000059c000000, 0x000000059c800000|  0%| F|  |TAMS 0x000000059c000000, 0x000000059c000000| Untracked 
|  50|0x000000059c800000, 0x000000059c800000, 0x000000059d000000|  0%| F|  |TAMS 0x000000059c800000, 0x000000059c800000| Untracked 
|  51|0x000000059d000000, 0x000000059d000000, 0x000000059d800000|  0%| F|  |TAMS 0x000000059d000000, 0x000000059d000000| Untracked 
|  52|0x000000059d800000, 0x000000059dfc3118, 0x000000059e000000| 97%| E|  |TAMS 0x000000059d800000, 0x000000059d800000| Complete 
|  53|0x000000059e000000, 0x000000059e800000, 0x000000059e800000|100%| E|CS|TAMS 0x000000059e000000, 0x000000059e000000| Complete 
|  54|0x000000059e800000, 0x000000059f000000, 0x000000059f000000|100%| E|CS|TAMS 0x000000059e800000, 0x000000059e800000| Complete 
|  55|0x000000059f000000, 0x000000059f800000, 0x000000059f800000|100%| E|CS|TAMS 0x000000059f000000, 0x000000059f000000| Complete 
|  56|0x000000059f800000, 0x00000005a0000000, 0x00000005a0000000|100%| E|CS|TAMS 0x000000059f800000, 0x000000059f800000| Complete 
|  57|0x00000005a0000000, 0x00000005a0800000, 0x00000005a0800000|100%| E|CS|TAMS 0x00000005a0000000, 0x00000005a0000000| Complete 
|  58|0x00000005a0800000, 0x00000005a1000000, 0x00000005a1000000|100%| E|CS|TAMS 0x00000005a0800000, 0x00000005a0800000| Complete 
|  59|0x00000005a1000000, 0x00000005a1800000, 0x00000005a1800000|100%| E|CS|TAMS 0x00000005a1000000, 0x00000005a1000000| Complete 
|  60|0x00000005a1800000, 0x00000005a2000000, 0x00000005a2000000|100%| E|CS|TAMS 0x00000005a1800000, 0x00000005a1800000| Complete 
|  61|0x00000005a2000000, 0x00000005a2800000, 0x00000005a2800000|100%| E|CS|TAMS 0x00000005a2000000, 0x00000005a2000000| Complete 
|  62|0x00000005a2800000, 0x00000005a3000000, 0x00000005a3000000|100%| E|CS|TAMS 0x00000005a2800000, 0x00000005a2800000| Complete 
|  63|0x00000005a3000000, 0x00000005a3800000, 0x00000005a3800000|100%| E|CS|TAMS 0x00000005a3000000, 0x00000005a3000000| Complete 
|  64|0x00000005a3800000, 0x00000005a4000000, 0x00000005a4000000|100%| E|CS|TAMS 0x00000005a3800000, 0x00000005a3800000| Complete 
|  65|0x00000005a4000000, 0x00000005a4800000, 0x00000005a4800000|100%| E|CS|TAMS 0x00000005a4000000, 0x00000005a4000000| Complete 
|  66|0x00000005a4800000, 0x00000005a5000000, 0x00000005a5000000|100%| E|CS|TAMS 0x00000005a4800000, 0x00000005a4800000| Complete 
|  67|0x00000005a5000000, 0x00000005a5800000, 0x00000005a5800000|100%| E|CS|TAMS 0x00000005a5000000, 0x00000005a5000000| Complete 
|  68|0x00000005a5800000, 0x00000005a6000000, 0x00000005a6000000|100%| E|CS|TAMS 0x00000005a5800000, 0x00000005a5800000| Complete 
|  69|0x00000005a6000000, 0x00000005a6800000, 0x00000005a6800000|100%| E|CS|TAMS 0x00000005a6000000, 0x00000005a6000000| Complete 
|  70|0x00000005a6800000, 0x00000005a7000000, 0x00000005a7000000|100%| E|CS|TAMS 0x00000005a6800000, 0x00000005a6800000| Complete 
|  71|0x00000005a7000000, 0x00000005a7800000, 0x00000005a7800000|100%| E|CS|TAMS 0x00000005a7000000, 0x00000005a7000000| Complete 
|  72|0x00000005a7800000, 0x00000005a8000000, 0x00000005a8000000|100%| E|CS|TAMS 0x00000005a7800000, 0x00000005a7800000| Complete 
|  73|0x00000005a8000000, 0x00000005a8800000, 0x00000005a8800000|100%| E|CS|TAMS 0x00000005a8000000, 0x00000005a8000000| Complete 
|  74|0x00000005a8800000, 0x00000005a9000000, 0x00000005a9000000|100%| E|CS|TAMS 0x00000005a8800000, 0x00000005a8800000| Complete 
|  75|0x00000005a9000000, 0x00000005a9800000, 0x00000005a9800000|100%| E|CS|TAMS 0x00000005a9000000, 0x00000005a9000000| Complete 
|  76|0x00000005a9800000, 0x00000005aa000000, 0x00000005aa000000|100%| E|CS|TAMS 0x00000005a9800000, 0x00000005a9800000| Complete 
|  77|0x00000005aa000000, 0x00000005aa800000, 0x00000005aa800000|100%| E|CS|TAMS 0x00000005aa000000, 0x00000005aa000000| Complete 
|  78|0x00000005aa800000, 0x00000005ab000000, 0x00000005ab000000|100%| E|CS|TAMS 0x00000005aa800000, 0x00000005aa800000| Complete 
|  79|0x00000005ab000000, 0x00000005ab800000, 0x00000005ab800000|100%| E|CS|TAMS 0x00000005ab000000, 0x00000005ab000000| Complete 

Card table byte_map: [0x000002007c890000,0x000002007dc80000] _byte_map_base: 0x0000020079c74000

Marking Bits (Prev, Next): (CMBitMap*) 0x00000200644dba60, (CMBitMap*) 0x00000200644dbaa0
 Prev Bits: [0x0000020000000000, 0x0000020009f20000)
 Next Bits: [0x0000020009f20000, 0x0000020013e40000)

Polling page: 0x0000020063c00000

Metaspace:

Usage:
  Non-class:      8.76 MB used.
      Class:      1.32 MB used.
       Both:     10.08 MB used.

Virtual space:
  Non-class space:       64.00 MB reserved,       9.00 MB ( 14%) committed,  1 nodes.
      Class space:        1.00 GB reserved,       1.50 MB ( <1%) committed,  1 nodes.
             Both:        1.06 GB reserved,      10.50 MB ( <1%) committed. 

Chunk freelists:
   Non-Class:  6.93 MB
       Class:  14.52 MB
        Both:  21.45 MB

MaxMetaspaceSize: unlimited
CompressedClassSpaceSize: 1.00 GB
Initial GC threshold: 21.00 MB
Current GC threshold: 21.00 MB
CDS: on
MetaspaceReclaimPolicy: balanced
 - commit_granule_bytes: 65536.
 - commit_granule_words: 8192.
 - virtual_space_node_default_size: 8388608.
 - enlarge_chunks_in_place: 1.
 - new_chunks_are_fully_committed: 0.
 - uncommit_free_chunks: 1.
 - use_allocation_guard: 0.
 - handle_deallocations: 1.


Internal statistics:

num_allocs_failed_limit: 0.
num_arena_births: 506.
num_arena_deaths: 0.
num_vsnodes_births: 2.
num_vsnodes_deaths: 0.
num_space_committed: 168.
num_space_uncommitted: 0.
num_chunks_returned_to_freelist: 0.
num_chunks_taken_from_freelist: 668.
num_chunk_merges: 0.
num_chunk_splits: 409.
num_chunks_enlarged: 170.
num_inconsistent_stats: 0.

CodeHeap 'non-profiled nmethods': size=120000Kb used=158Kb max_used=158Kb free=119841Kb
 bounds [0x0000020073a20000, 0x0000020073c90000, 0x000002007af50000]
CodeHeap 'profiled nmethods': size=120000Kb used=210Kb max_used=210Kb free=119789Kb
 bounds [0x000002006bf50000, 0x000002006c1c0000, 0x0000020073480000]
CodeHeap 'non-nmethods': size=5760Kb used=1409Kb max_used=1423Kb free=4350Kb
 bounds [0x0000020073480000, 0x00000200736f0000, 0x0000020073a20000]
 total_blobs=997 nmethods=319 adapters=591
 compilation: enabled
              stopped_count=0, restarted_count=0
 full_count=0

Compilation events (20 events):
Event: 166.505 Thread 0x000002007f7a2dd0  309       1       java.util.concurrent.locks.AbstractQueuedSynchronizer::setState (6 bytes)
Event: 166.505 Thread 0x000002007f7a2dd0 nmethod 309 0x0000020073a46590 code [0x0000020073a46720, 0x0000020073a467f8]
Event: 166.506 Thread 0x000002007f7a2dd0  310       3       java.util.HashSet::clear (8 bytes)
Event: 166.506 Thread 0x000002007f7a2dd0 nmethod 310 0x000002006bf82890 code [0x000002006bf82a40, 0x000002006bf82c28]
Event: 166.506 Thread 0x000002007f7a2dd0  311       1       sun.java2d.pipe.RenderBuffer::getAddress (5 bytes)
Event: 166.506 Thread 0x000002007f7a2dd0 nmethod 311 0x0000020073a46c90 code [0x0000020073a46e20, 0x0000020073a46ef8]
Event: 166.507 Thread 0x000002007f7a2dd0  313       3       sun.java2d.pipe.RenderBuffer::clear (9 bytes)
Event: 166.507 Thread 0x000002007f7a2dd0 nmethod 313 0x000002006bf82d10 code [0x000002006bf82ea0, 0x000002006bf82fb8]
Event: 166.507 Thread 0x000002007f7a2dd0  314       3       jdk.internal.misc.Unsafe::getAndBitwiseAndInt (27 bytes)
Event: 166.507 Thread 0x000002007f7a2dd0 nmethod 314 0x000002006bf83090 code [0x000002006bf83240, 0x000002006bf83488]
Event: 166.509 Thread 0x000002007f7a2dd0  315       3       java.util.concurrent.locks.ReentrantLock$NonfairSync::initialTryLock (58 bytes)
Event: 166.509 Thread 0x000002007f7a2dd0 nmethod 315 0x000002006bf83590 code [0x000002006bf83780, 0x000002006bf83bb8]
Event: 166.510 Thread 0x000002007f7a2dd0  316       3       java.lang.StrictMath::ceil (10 bytes)
Event: 166.510 Thread 0x000002007f7a2dd0 nmethod 316 0x000002006bf83d10 code [0x000002006bf83ee0, 0x000002006bf84028]
Event: 166.511 Thread 0x000002007f7a2dd0  318       2       java.lang.String::getBytes (46 bytes)
Event: 166.511 Thread 0x000002007f796030  317       4       java.lang.AbstractStringBuilder::putStringAt (12 bytes)
Event: 166.511 Thread 0x000002007f7a2dd0 nmethod 318 0x000002006bf84110 code [0x000002006bf842c0, 0x000002006bf84538]
Event: 166.511 Thread 0x000002007f7a2dd0  319       3       jdk.internal.loader.NativeLibraries$NativeLibraryImpl::find (6 bytes)
Event: 166.511 Thread 0x000002007f7a2dd0 nmethod 319 0x000002006bf84610 code [0x000002006bf847a0, 0x000002006bf848e8]
Event: 166.512 Thread 0x000002007f796030 nmethod 317 0x0000020073a47390 code [0x0000020073a47520, 0x0000020073a47758]

GC Heap History (8 events):
Event: 18.756 GC heap before
{Heap before GC invocations=0 (full 0):
 garbage-first heap   total 655360K, used 32768K [0x0000000583800000, 0x0000000800000000)
  region size 8192K, 4 young (32768K), 0 survivors (0K)
 Metaspace       used 9972K, committed 10368K, reserved 1114112K
  class space    used 1300K, committed 1472K, reserved 1048576K
}
Event: 18.759 GC heap after
{Heap after GC invocations=1 (full 0):
 garbage-first heap   total 655360K, used 8058K [0x0000000583800000, 0x0000000800000000)
  region size 8192K, 1 young (8192K), 1 survivors (8192K)
 Metaspace       used 9972K, committed 10368K, reserved 1114112K
  class space    used 1300K, committed 1472K, reserved 1048576K
}
Event: 54.688 GC heap before
{Heap before GC invocations=1 (full 0):
 garbage-first heap   total 655360K, used 32634K [0x0000000583800000, 0x0000000800000000)
  region size 8192K, 4 young (32768K), 1 survivors (8192K)
 Metaspace       used 10302K, committed 10688K, reserved 1114112K
  class space    used 1352K, committed 1536K, reserved 1048576K
}
Event: 54.690 GC heap after
{Heap after GC invocations=2 (full 0):
 garbage-first heap   total 655360K, used 13408K [0x0000000583800000, 0x0000000800000000)
  region size 8192K, 1 young (8192K), 1 survivors (8192K)
 Metaspace       used 10302K, committed 10688K, reserved 1114112K
  class space    used 1352K, committed 1536K, reserved 1048576K
}
Event: 79.584 GC heap before
{Heap before GC invocations=2 (full 0):
 garbage-first heap   total 655360K, used 111712K [0x0000000583800000, 0x0000000800000000)
  region size 8192K, 13 young (106496K), 1 survivors (8192K)
 Metaspace       used 10305K, committed 10688K, reserved 1114112K
  class space    used 1353K, committed 1536K, reserved 1048576K
}
Event: 79.585 GC heap after
{Heap after GC invocations=3 (full 0):
 garbage-first heap   total 655360K, used 13413K [0x0000000583800000, 0x0000000800000000)
  region size 8192K, 1 young (8192K), 1 survivors (8192K)
 Metaspace       used 10305K, committed 10688K, reserved 1114112K
  class space    used 1353K, committed 1536K, reserved 1048576K
}
Event: 135.521 GC heap before
{Heap before GC invocations=3 (full 0):
 garbage-first heap   total 655360K, used 398437K [0x0000000583800000, 0x0000000800000000)
  region size 8192K, 48 young (393216K), 1 survivors (8192K)
 Metaspace       used 10305K, committed 10688K, reserved 1114112K
  class space    used 1353K, committed 1536K, reserved 1048576K
}
Event: 135.522 GC heap after
{Heap after GC invocations=4 (full 0):
 garbage-first heap   total 655360K, used 14349K [0x0000000583800000, 0x0000000800000000)
  region size 8192K, 1 young (8192K), 1 survivors (8192K)
 Metaspace       used 10305K, committed 10688K, reserved 1114112K
  class space    used 1353K, committed 1536K, reserved 1048576K
}

Dll operation events (11 events):
Event: 0.004 Loaded shared library C:\Users\Equipo\.jdks\corretto-17.0.9\bin\java.dll
Event: 0.004 Loaded shared library C:\Users\Equipo\.jdks\corretto-17.0.9\bin\zip.dll
Event: 0.015 Loaded shared library C:\Users\Equipo\.jdks\corretto-17.0.9\bin\jsvml.dll
Event: 0.051 Loaded shared library C:\Users\Equipo\.jdks\corretto-17.0.9\bin\instrument.dll
Event: 0.072 Loaded shared library C:\Users\Equipo\.jdks\corretto-17.0.9\bin\jimage.dll
Event: 0.078 Loaded shared library C:\Users\Equipo\.jdks\corretto-17.0.9\bin\net.dll
Event: 0.079 Loaded shared library C:\Users\Equipo\.jdks\corretto-17.0.9\bin\nio.dll
Event: 0.085 Loaded shared library C:\Users\Equipo\.jdks\corretto-17.0.9\bin\zip.dll
Event: 0.110 Loaded shared library C:\Users\Equipo\.jdks\corretto-17.0.9\bin\awt.dll
Event: 10.310 Loaded shared library C:\Users\Equipo\.jdks\corretto-17.0.9\bin\freetype.dll
Event: 10.310 Loaded shared library C:\Users\Equipo\.jdks\corretto-17.0.9\bin\fontmanager.dll

Deoptimization events (0 events):
No events

Classes unloaded (0 events):
No events

Classes redefined (0 events):
No events

Internal exceptions (20 events):
Event: 0.279 Thread 0x0000020057191770 Exception <a 'java/lang/NoSuchMethodError'{0x00000005aa9f7c10}: 'java.lang.Object java.lang.invoke.DirectMethodHandle$Holder.invokeStatic(java.lang.Object, int, java.lang.Object)'> (0x00000005aa9f7c10) 
thrown [s\src\hotspot\share\interpreter\linkResolver.cpp, line 759]
Event: 0.313 Thread 0x0000020057191770 Exception <a 'java/lang/ClassNotFoundException'{0x00000005aaabdae8}: com/sun/swing/internal/plaf/metal/resources/spi/metalProvider> (0x00000005aaabdae8) 
thrown [s\src\hotspot\share\classfile\systemDictionary.cpp, line 256]
Event: 0.314 Thread 0x0000020057191770 Exception <a 'java/lang/ClassNotFoundException'{0x00000005aaac5b00}: com/sun/swing/internal/plaf/basic/resources/spi/basicProvider> (0x00000005aaac5b00) 
thrown [s\src\hotspot\share\classfile\systemDictionary.cpp, line 256]
Event: 0.484 Thread 0x0000020057191770 Exception <a 'java/lang/NoSuchMethodError'{0x00000005aab67638}: 'java.lang.Object java.lang.invoke.DirectMethodHandle$Holder.invokeSpecial(java.lang.Object, java.lang.Object, long, java.lang.Object, int, int, int, int, java.lang.Object, java.lang.Object, java.lang.Object)'> (0x00000005aab67638) 
thrown [s\src\hotspot\share\interpreter\linkResolver.cpp, line 759]
Event: 0.485 Thread 0x0000020057191770 Exception <a 'java/lang/NoSuchMethodError'{0x00000005aab6b628}: 'java.lang.Object java.lang.invoke.DelegatingMethodHandle$Holder.reinvoke_L(java.lang.Object, long, java.lang.Object, int, int, int, int, java.lang.Object, java.lang.Object, java.lang.Object)'> (0x00000005aab6b628) 
thrown [s\src\hotspot\share\interpreter\linkResolver.cpp, line 759]
Event: 0.518 Thread 0x0000020057191770 Exception <a 'java/lang/NoSuchMethodError'{0x00000005aabdb728}: 'java.lang.Object java.lang.invoke.DirectMethodHandle$Holder.invokeSpecial(java.lang.Object, java.lang.Object, long, java.lang.Object, java.lang.Object, java.lang.Object, java.lang.Object, int, java.lang.Object, java.lang.Object, java.lang.Object)'> (0x00000005aabdb728) 
thrown [s\src\hotspot\share\interpreter\linkResolver.cpp, line 759]
Event: 0.518 Thread 0x0000020057191770 Exception <a 'java/lang/NoSuchMethodError'{0x00000005aabe0288}: 'java.lang.Object java.lang.invoke.DelegatingMethodHandle$Holder.reinvoke_L(java.lang.Object, long, java.lang.Object, java.lang.Object, java.lang.Object, java.lang.Object, int, java.lang.Object, java.lang.Object, java.lang.Object)'> (0x00000005aabe0288) 
thrown [s\src\hotspot\share\interpreter\linkResolver.cpp, line 759]
Event: 3.974 Thread 0x00000200571930c0 Exception <a 'java/lang/NoSuchMethodError'{0x00000005aad46a80}: 'java.lang.Object java.lang.invoke.DirectMethodHandle$Holder.newInvokeSpecial(java.lang.Object, java.lang.Object, java.lang.Object, int, int, int, int, int)'> (0x00000005aad46a80) 
thrown [s\src\hotspot\share\interpreter\linkResolver.cpp, line 759]
Event: 4.154 Thread 0x0000020057191770 Exception <a 'java/lang/NoSuchMethodError'{0x00000005aaf65bc0}: 'java.lang.Object java.lang.invoke.DirectMethodHandle$Holder.invokeSpecial(java.lang.Object, java.lang.Object, long, java.lang.Object, java.lang.Object, java.lang.Object, java.lang.Object, java.lang.Object, int, java.lang.Object, java.lang.Object, java.lang.Object, java.lang.Object)'> (0x00000005aaf65bc0) 
thrown [s\src\hotspot\share\interpreter\linkResolver.cpp, line 759]
Event: 4.155 Thread 0x0000020057191770 Exception <a 'java/lang/NoSuchMethodError'{0x00000005aaf6a160}: 'java.lang.Object java.lang.invoke.DelegatingMethodHandle$Holder.reinvoke_L(java.lang.Object, long, java.lang.Object, java.lang.Object, java.lang.Object, java.lang.Object, java.lang.Object, int, java.lang.Object, java.lang.Object, java.lang.Object, java.lang.Object)'> (0x00000005aaf6a160) 
thrown [s\src\hotspot\share\interpreter\linkResolver.cpp, line 759]
Event: 4.198 Thread 0x0000020057191770 Exception <a 'java/lang/NoSuchMethodError'{0x00000005aa008ce8}: 'java.lang.Object java.lang.invoke.DelegatingMethodHandle$Holder.reinvoke_L(java.lang.Object, java.lang.Object, long, java.lang.Object, java.lang.Object, java.lang.Object, java.lang.Object, java.lang.Object, java.lang.Object, java.lang.Object, java.lang.Object, java.lang.Object, java.lang.Object, java.lang.Object, java.lang.Object, java.lang.Object)'> (0x00000005aa008ce8) 
thrown [s\src\hotspot\share\interpreter\linkResolver.cpp, line 759]
Event: 4.220 Thread 0x0000020057191770 Exception <a 'java/lang/NoSuchMethodError'{0x00000005aa04ff10}: 'java.lang.Object java.lang.invoke.DirectMethodHandle$Holder.invokeSpecial(java.lang.Object, java.lang.Object, long, java.lang.Object, java.lang.Object, java.lang.Object, java.lang.Object, java.lang.Object, java.lang.Object, java.lang.Object, java.lang.Object, java.lang.Object, java.lang.Object, java.lang.Object, java.lang.Object, java.lang.Object)'> (0x00000005aa04ff10) 
thrown [s\src\hotspot\share\interpreter\linkResolver.cpp, line 759]
Event: 4.221 Thread 0x0000020057191770 Exception <a 'java/lang/NoSuchMethodError'{0x00000005aa054ca8}: 'java.lang.Object java.lang.invoke.DelegatingMethodHandle$Holder.reinvoke_L(java.lang.Object, long, java.lang.Object, java.lang.Object, java.lang.Object, java.lang.Object, java.lang.Object, java.lang.Object, java.lang.Object, java.lang.Object, java.lang.Object, java.lang.Object, java.lang.Object, java.lang.Object, java.lang.Object)'> (0x00000005aa054ca8) 
thrown [s\src\hotspot\share\interpreter\linkResolver.cpp, line 759]
Event: 4.228 Thread 0x0000020057191770 Exception <a 'java/lang/NoSuchMethodError'{0x00000005aa06e7a0}: 'java.lang.Object java.lang.invoke.DirectMethodHandle$Holder.invokeSpecial(java.lang.Object, java.lang.Object, java.lang.Object, java.lang.Object, java.lang.Object, java.lang.Object, java.lang.Object, java.lang.Object, java.lang.Object, java.lang.Object, java.lang.Object, java.lang.Object, java.lang.Object, java.lang.Object, java.lang.Object)'> (0x00000005aa06e7a0) 
thrown [s\src\hotspot\share\interpreter\linkResolver.cpp, line 759]
Event: 4.229 Thread 0x0000020057191770 Exception <a 'java/lang/NoSuchMethodError'{0x00000005aa073a40}: 'java.lang.Object java.lang.invoke.Invokers$Holder.linkToTargetMethod(java.lang.Object, java.lang.Object, java.lang.Object, java.lang.Object, java.lang.Object, java.lang.Object, java.lang.Object, java.lang.Object, java.lang.Object, java.lang.Object, java.lang.Object, java.lang.Object, java.lang.Object, java.lang.Object)'> (0x00000005aa073a40) 
thrown [s\src\hotspot\share\interpreter\linkResolver.cpp, line 759]
Event: 6.496 Thread 0x0000020057191770 Exception <a 'java/lang/NoSuchMethodError'{0x00000005aa2911a0}: 'void java.lang.invoke.DirectMethodHandle$Holder.invokeStatic(java.lang.Object, java.lang.Object)'> (0x00000005aa2911a0) 
thrown [s\src\hotspot\share\interpreter\linkResolver.cpp, line 759]
Event: 10.306 Thread 0x0000020057191770 Exception <a 'java/lang/NoSuchMethodError'{0x00000005a9d3b8e0}: 'void java.lang.invoke.DirectMethodHandle$Holder.invokeStaticInit(java.lang.Object)'> (0x00000005a9d3b8e0) 
thrown [s\src\hotspot\share\interpreter\linkResolver.cpp, line 759]
Event: 10.430 Thread 0x0000020057193ae0 Exception <a 'java/lang/NoSuchMethodError'{0x00000005ab7f4db0}: 'void java.lang.invoke.DirectMethodHandle$Holder.invokeVirtual(java.lang.Object, java.lang.Object)'> (0x00000005ab7f4db0) 
thrown [s\src\hotspot\share\interpreter\linkResolver.cpp, line 759]
Event: 24.094 Thread 0x0000020057191770 Exception <a 'java/lang/NoSuchMethodError'{0x00000005ab2d6408}: 'java.lang.Object java.lang.invoke.DirectMethodHandle$Holder.invokeSpecial(java.lang.Object, java.lang.Object, java.lang.Object, java.lang.Object, java.lang.Object, java.lang.Object, int)'> (0x00000005ab2d6408) 
thrown [s\src\hotspot\share\interpreter\linkResolver.cpp, line 759]
Event: 50.179 Thread 0x0000020057191770 Exception <a 'java/lang/NoSuchMethodError'{0x00000005ab55a520}: 'java.lang.Object java.lang.invoke.Invokers$Holder.linkToTargetMethod(java.lang.Object, java.lang.Object, long, java.lang.Object, java.lang.Object)'> (0x00000005ab55a520) 
thrown [s\src\hotspot\share\interpreter\linkResolver.cpp, line 759]

VM Operations (20 events):
Event: 166.481 Executing VM operation: ChangeSingleStep
Event: 166.481 Executing VM operation: ChangeSingleStep done
Event: 166.482 Executing VM operation: ChangeSingleStep
Event: 166.482 Executing VM operation: ChangeSingleStep done
Event: 166.482 Executing VM operation: ChangeSingleStep
Event: 166.482 Executing VM operation: ChangeSingleStep done
Event: 166.492 Executing VM operation: ChangeBreakpoints
Event: 166.492 Executing VM operation: ChangeBreakpoints done
Event: 166.492 Executing VM operation: ChangeBreakpoints
Event: 166.492 Executing VM operation: ChangeBreakpoints done
Event: 166.492 Executing VM operation: ChangeBreakpoints
Event: 166.492 Executing VM operation: ChangeBreakpoints done
Event: 166.492 Executing VM operation: ChangeBreakpoints
Event: 166.492 Executing VM operation: ChangeBreakpoints done
Event: 166.492 Executing VM operation: ChangeBreakpoints
Event: 166.492 Executing VM operation: ChangeBreakpoints done
Event: 166.492 Executing VM operation: ChangeBreakpoints
Event: 166.492 Executing VM operation: ChangeBreakpoints done
Event: 166.492 Executing VM operation: ChangeBreakpoints
Event: 166.492 Executing VM operation: ChangeBreakpoints done

Events (20 events):
Event: 50.161 loading class java/util/MissingResourceException done
Event: 51.935 loading class java/awt/geom/RectIterator
Event: 51.935 loading class java/awt/geom/RectIterator done
Event: 51.983 loading class java/awt/geom/Ellipse2D$Float
Event: 51.983 loading class java/awt/geom/Ellipse2D
Event: 51.983 loading class java/awt/geom/Ellipse2D done
Event: 51.983 loading class java/awt/geom/Ellipse2D$Float done
Event: 51.983 loading class java/awt/geom/EllipseIterator
Event: 51.983 loading class java/awt/geom/EllipseIterator done
Event: 71.420 loading class com/intellij/rt/debugger/agent/CaptureStorage$UnwindCapturedStack
Event: 71.420 loading class com/intellij/rt/debugger/agent/CaptureStorage$UnwindCapturedStack done
Event: 166.492 Thread 0x0000020057192190 Thread exited: 0x0000020057192190
Event: 166.493 Thread 0x00000200572028d0 Thread exited: 0x00000200572028d0
Event: 166.510 loading class jdk/internal/misc/Signal$1
Event: 166.510 loading class jdk/internal/misc/Signal$1 done
Event: 166.511 Thread 0x0000020057192190 Thread added: 0x0000020057192190
Event: 166.511 Thread 0x0000020057190840 Thread added: 0x0000020057190840
Event: 166.511 Thread 0x000002008a0b1b80 Thread added: 0x000002008a0b1b80
Event: 166.511 Thread 0x0000020057190840 Thread exited: 0x0000020057190840
Event: 166.511 Thread 0x0000020057190330 Thread exited: 0x0000020057190330


Dynamic libraries:
0x00007ff740ad0000 - 0x00007ff740ade000 	C:\Users\Equipo\.jdks\corretto-17.0.9\bin\java.exe
0x00007ffbc1670000 - 0x00007ffbc1868000 	C:\Windows\SYSTEM32\ntdll.dll
0x00007ffbc0d00000 - 0x00007ffbc0dbd000 	C:\Windows\System32\KERNEL32.DLL
0x00007ffbbf2b0000 - 0x00007ffbbf5a6000 	C:\Windows\System32\KERNELBASE.dll
0x00007ffbbef80000 - 0x00007ffbbf080000 	C:\Windows\System32\ucrtbase.dll
0x00007ffbbc410000 - 0x00007ffbbc427000 	C:\Users\Equipo\.jdks\corretto-17.0.9\bin\jli.dll
0x00007ffbba8c0000 - 0x00007ffbba8db000 	C:\Users\Equipo\.jdks\corretto-17.0.9\bin\VCRUNTIME140.dll
0x00007ffbbfc80000 - 0x00007ffbbfe1e000 	C:\Windows\System32\USER32.dll
0x00007ffbbee50000 - 0x00007ffbbee72000 	C:\Windows\System32\win32u.dll
0x00007ffba7310000 - 0x00007ffba75aa000 	C:\Windows\WinSxS\amd64_microsoft.windows.common-controls_6595b64144ccf1df_6.0.19041.3636_none_60b6a03d71f818d5\COMCTL32.dll
0x00007ffbc01e0000 - 0x00007ffbc020c000 	C:\Windows\System32\GDI32.dll
0x00007ffbc0210000 - 0x00007ffbc02ae000 	C:\Windows\System32\msvcrt.dll
0x00007ffbbf5b0000 - 0x00007ffbbf6ca000 	C:\Windows\System32\gdi32full.dll
0x00007ffbbf080000 - 0x00007ffbbf11d000 	C:\Windows\System32\msvcp_win.dll
0x00007ffbbfb10000 - 0x00007ffbbfb40000 	C:\Windows\System32\IMM32.DLL
0x00007ffbbc3e0000 - 0x00007ffbbc3ec000 	C:\Users\Equipo\.jdks\corretto-17.0.9\bin\vcruntime140_1.dll
0x00007ffbba830000 - 0x00007ffbba8bd000 	C:\Users\Equipo\.jdks\corretto-17.0.9\bin\msvcp140.dll
0x00007ffb46f80000 - 0x00007ffb47be1000 	C:\Users\Equipo\.jdks\corretto-17.0.9\bin\server\jvm.dll
0x00007ffbbf8c0000 - 0x00007ffbbf96f000 	C:\Windows\System32\ADVAPI32.dll
0x00007ffbc0c60000 - 0x00007ffbc0cfc000 	C:\Windows\System32\sechost.dll
0x00007ffbc0ad0000 - 0x00007ffbc0bf6000 	C:\Windows\System32\RPCRT4.dll
0x00007ffbbe570000 - 0x00007ffbbe5bb000 	C:\Windows\SYSTEM32\POWRPROF.dll
0x00007ffba92e0000 - 0x00007ffba92e9000 	C:\Windows\SYSTEM32\WSOCK32.dll
0x00007ffbb5ea0000 - 0x00007ffbb5ec7000 	C:\Windows\SYSTEM32\WINMM.dll
0x00007ffbc0310000 - 0x00007ffbc037b000 	C:\Windows\System32\WS2_32.dll
0x00007ffbb6980000 - 0x00007ffbb698a000 	C:\Windows\SYSTEM32\VERSION.dll
0x00007ffbbe550000 - 0x00007ffbbe562000 	C:\Windows\SYSTEM32\UMPDC.dll
0x00007ffbbcc30000 - 0x00007ffbbcc42000 	C:\Windows\SYSTEM32\kernel.appcore.dll
0x00007ffbba820000 - 0x00007ffbba82a000 	C:\Users\Equipo\.jdks\corretto-17.0.9\bin\jimage.dll
0x00007ffbb6a20000 - 0x00007ffbb6c04000 	C:\Windows\SYSTEM32\DBGHELP.DLL
0x00007ffbabad0000 - 0x00007ffbabb04000 	C:\Windows\SYSTEM32\dbgcore.DLL
0x00007ffbbed50000 - 0x00007ffbbedd2000 	C:\Windows\System32\bcryptPrimitives.dll
0x00007ffb9eb70000 - 0x00007ffb9ebab000 	C:\Users\Equipo\.jdks\corretto-17.0.9\bin\jdwp.dll
0x00007ffbba7d0000 - 0x00007ffbba7de000 	C:\Users\Equipo\.jdks\corretto-17.0.9\bin\instrument.dll
0x00007ffbba7f0000 - 0x00007ffbba815000 	C:\Users\Equipo\.jdks\corretto-17.0.9\bin\java.dll
0x00007ffbba790000 - 0x00007ffbba7a8000 	C:\Users\Equipo\.jdks\corretto-17.0.9\bin\zip.dll
0x00007ffba9a50000 - 0x00007ffba9b27000 	C:\Users\Equipo\.jdks\corretto-17.0.9\bin\jsvml.dll
0x00007ffbc0380000 - 0x00007ffbc0ac4000 	C:\Windows\System32\SHELL32.dll
0x00007ffbbce30000 - 0x00007ffbbd5cb000 	C:\Windows\SYSTEM32\windows.storage.dll
0x00007ffbc1250000 - 0x00007ffbc15a4000 	C:\Windows\System32\combase.dll
0x00007ffbbe790000 - 0x00007ffbbe7bd000 	C:\Windows\SYSTEM32\Wldp.dll
0x00007ffbbf810000 - 0x00007ffbbf8bd000 	C:\Windows\System32\SHCORE.dll
0x00007ffbc02b0000 - 0x00007ffbc0305000 	C:\Windows\System32\shlwapi.dll
0x00007ffbbec80000 - 0x00007ffbbeca5000 	C:\Windows\SYSTEM32\profapi.dll
0x00007ffbba7c0000 - 0x00007ffbba7cc000 	C:\Users\Equipo\.jdks\corretto-17.0.9\bin\dt_socket.dll
0x00007ffbbe170000 - 0x00007ffbbe1ab000 	C:\Windows\SYSTEM32\IPHLPAPI.DLL
0x00007ffbbe480000 - 0x00007ffbbe4ea000 	C:\Windows\system32\mswsock.dll
0x00007ffbb9c00000 - 0x00007ffbb9c19000 	C:\Users\Equipo\.jdks\corretto-17.0.9\bin\net.dll
0x00007ffbb7d90000 - 0x00007ffbb7e9a000 	C:\Windows\SYSTEM32\WINHTTP.dll
0x00007ffbadf10000 - 0x00007ffbadf26000 	C:\Users\Equipo\.jdks\corretto-17.0.9\bin\nio.dll
0x00007ffb983d0000 - 0x00007ffb98560000 	C:\Users\Equipo\.jdks\corretto-17.0.9\bin\awt.dll
0x00007ffbbf740000 - 0x00007ffbbf80d000 	C:\Windows\System32\OLEAUT32.dll
0x00007ffbbc580000 - 0x00007ffbbc610000 	C:\Windows\SYSTEM32\apphelp.dll
0x00007ffbbc740000 - 0x00007ffbbc7de000 	C:\Windows\system32\uxtheme.dll
0x0000000180000000 - 0x00000001834b4000 	C:\Program Files (x86)\RivaTuner Statistics Server\RTSSHooks64.dll
0x00007ffbc0dc0000 - 0x00007ffbc122e000 	C:\Windows\System32\SETUPAPI.dll
0x00007ffbbef30000 - 0x00007ffbbef7e000 	C:\Windows\System32\cfgmgr32.dll
0x00007ffbbf120000 - 0x00007ffbbf147000 	C:\Windows\System32\bcrypt.dll
0x00007ffbbfb50000 - 0x00007ffbbfc64000 	C:\Windows\System32\MSCTF.dll
0x00007ffbc00b0000 - 0x00007ffbc01db000 	C:\Windows\System32\ole32.dll
0x00007ffbbc940000 - 0x00007ffbbc96f000 	C:\Windows\system32\DWMAPI.DLL
0x00007ffb748d0000 - 0x00007ffb749f5000 	C:\Windows\system32\opengl32.dll
0x00007ffb748a0000 - 0x00007ffb748cc000 	C:\Windows\SYSTEM32\GLU32.dll
0x00007ffbb5ed0000 - 0x00007ffbb608b000 	C:\Windows\System32\DriverStore\FileRepository\u0396906.inf_amd64_85a7dd2e12f92c85\B396804\aticfx64.dll
0x00007ffb66270000 - 0x00007ffb69278000 	C:\Windows\System32\DriverStore\FileRepository\u0396906.inf_amd64_85a7dd2e12f92c85\B396804\amdxn64.dll
0x00007ffbbd610000 - 0x00007ffbbd703000 	C:\Windows\SYSTEM32\dxgi.dll
0x00007ffbb2360000 - 0x00007ffbb2395000 	C:\Windows\SYSTEM32\amdihk64.dll
0x00007ffbb6170000 - 0x00007ffbb61ab000 	C:\Windows\SYSTEM32\dxcore.dll
0x00007ffb97f70000 - 0x00007ffb97ff7000 	C:\Users\Equipo\.jdks\corretto-17.0.9\bin\freetype.dll
0x00007ffb97e90000 - 0x00007ffb97f63000 	C:\Users\Equipo\.jdks\corretto-17.0.9\bin\fontmanager.dll
0x00007ffbbfa60000 - 0x00007ffbbfb09000 	C:\Windows\System32\clbcatq.dll
0x00007ffbb8a00000 - 0x00007ffbb8bb4000 	C:\Windows\SYSTEM32\WindowsCodecs.dll
0x00007ffbb14a0000 - 0x00007ffbb159a000 	C:\Windows\SYSTEM32\textinputframework.dll
0x00007ffbbbf00000 - 0x00007ffbbc25b000 	C:\Windows\System32\CoreUIComponents.dll
0x00007ffbbc260000 - 0x00007ffbbc352000 	C:\Windows\System32\CoreMessaging.dll
0x00007ffbbde70000 - 0x00007ffbbdea3000 	C:\Windows\SYSTEM32\ntmarta.dll
0x00007ffbbb830000 - 0x00007ffbbb985000 	C:\Windows\SYSTEM32\wintypes.dll

dbghelp: loaded successfully - version: 4.0.5 - missing functions: none
symbol engine: initialized successfully - sym options: 0x614 - pdb path: .;C:\Users\Equipo\.jdks\corretto-17.0.9\bin;C:\Windows\SYSTEM32;C:\Windows\WinSxS\amd64_microsoft.windows.common-controls_6595b64144ccf1df_6.0.19041.3636_none_60b6a03d71f818d5;C:\Users\Equipo\.jdks\corretto-17.0.9\bin\server;C:\Program Files (x86)\RivaTuner Statistics Server;C:\Windows\System32\DriverStore\FileRepository\u0396906.inf_amd64_85a7dd2e12f92c85\B396804

VM Arguments:
jvm_args: -agentlib:jdwp=transport=dt_socket,address=127.0.0.1:48683,suspend=y,server=n -javaagent:C:\Users\Equipo\AppData\Local\JetBrains\IdeaIC2023.2\captureAgent\debugger-agent.jar -Dfile.encoding=UTF-8 
java_command: presentation.GomokuGUI
java_class_path (initial): C:\Users\Equipo\OneDrive\Escritorio\POOB\Proyecto Final\out\production\Gomoku;C:\Users\Equipo\.m2\repository\junit\junit\4.13.1\junit-4.13.1.jar;C:\Users\Equipo\.m2\repository\org\hamcrest\hamcrest-core\1.3\hamcrest-core-1.3.jar;C:\Users\Equipo\.m2\repository\org\junit\jupiter\junit-jupiter\5.8.1\junit-jupiter-5.8.1.jar;C:\Users\Equipo\.m2\repository\org\junit\jupiter\junit-jupiter-api\5.8.1\junit-jupiter-api-5.8.1.jar;C:\Users\Equipo\.m2\repository\org\opentest4j\opentest4j\1.2.0\opentest4j-1.2.0.jar;C:\Users\Equipo\.m2\repository\org\junit\platform\junit-platform-commons\1.8.1\junit-platform-commons-1.8.1.jar;C:\Users\Equipo\.m2\repository\org\apiguardian\apiguardian-api\1.1.2\apiguardian-api-1.1.2.jar;C:\Users\Equipo\.m2\repository\org\junit\jupiter\junit-jupiter-params\5.8.1\junit-jupiter-params-5.8.1.jar;C:\Users\Equipo\.m2\repository\org\junit\jupiter\junit-jupiter-engine\5.8.1\junit-jupiter-engine-5.8.1.jar;C:\Users\Equipo\.m2\repository\org\junit\platform\junit-platform-engine\1.8.1\junit-platform-engine-1.8.1.jar;C:\Program Files\JetBrains\IntelliJ IDEA Community Edition 2023.2.4\lib\idea_rt.jar
Launcher Type: SUN_STANDARD

[Global flags]
     intx CICompilerCount                          = 4                                         {product} {ergonomic}
     uint ConcGCThreads                            = 3                                         {product} {ergonomic}
     uint G1ConcRefinementThreads                  = 10                                        {product} {ergonomic}
   size_t G1HeapRegionSize                         = 8388608                                   {product} {ergonomic}
    uintx GCDrainStackTargetSize                   = 64                                        {product} {ergonomic}
   size_t InitialHeapSize                          = 671088640                                 {product} {ergonomic}
   size_t MarkStackSize                            = 4194304                                   {product} {ergonomic}
   size_t MaxHeapSize                              = 10678697984                               {product} {ergonomic}
   size_t MaxNewSize                               = 6400507904                                {product} {ergonomic}
   size_t MinHeapDeltaBytes                        = 8388608                                   {product} {ergonomic}
   size_t MinHeapSize                              = 8388608                                   {product} {ergonomic}
    uintx NonNMethodCodeHeapSize                   = 5839372                                {pd product} {ergonomic}
    uintx NonProfiledCodeHeapSize                  = 122909434                              {pd product} {ergonomic}
    uintx ProfiledCodeHeapSize                     = 122909434                              {pd product} {ergonomic}
    uintx ReservedCodeCacheSize                    = 251658240                              {pd product} {ergonomic}
     bool SegmentedCodeCache                       = true                                      {product} {ergonomic}
   size_t SoftMaxHeapSize                          = 10678697984                            {manageable} {ergonomic}
     bool UseCompressedClassPointers               = true                           {product lp64_product} {ergonomic}
     bool UseCompressedOops                        = true                           {product lp64_product} {ergonomic}
     bool UseG1GC                                  = true                                      {product} {ergonomic}
     bool UseLargePagesIndividualAllocation        = false                                  {pd product} {ergonomic}

Logging:
Log output configuration:
 #0: stdout all=warning uptime,level,tags
 #1: stderr all=off uptime,level,tags

Environment Variables:
JAVA_HOME=C:\Program Files\Java\jdk-17\bin
PATH=C:\Program Files\Java\jdk-17\bin;C:\Program Files (x86)\Common Files\Oracle\Java\javapath;C:\ProgramData\Oracle\Java\javapath;C:\Program Files (x86)\Common Files\Intel\Shared Libraries\redist\intel64\compiler;C:\Windows\system32;C:\Windows;C:\Windows\System32\Wbem;C:\Windows\System32\WindowsPowerShell\v1.0\;C:\Windows\System32\OpenSSH\;C:\Program Files\dotnet\;C:\TDM-GCC-64\bin;C:\Program Files\Git\cmd;C:\Users\Equipo\AppData\Local\Microsoft\WindowsApps;C:\Users\Equipo\AppData\Local\Programs\Microsoft VS Code\bin
USERNAME=Equipo
OS=Windows_NT
PROCESSOR_IDENTIFIER=Intel64 Family 6 Model 151 Stepping 5, GenuineIntel
TMP=C:\Users\Equipo\AppData\Local\Temp
TEMP=C:\Users\Equipo\AppData\Local\Temp



Periodic native trim disabled


---------------  S Y S T E M  ---------------

OS:
 Windows 10 , 64 bit Build 19041 (10.0.19041.3636)
OS uptime: 0 days 7:42 hours

CPU: total 12 (initial active 12) (6 cores per cpu, 2 threads per core) family 6 model 151 stepping 5 microcode 0x15, cx8, cmov, fxsr, ht, mmx, 3dnowpref, sse, sse2, sse3, ssse3, sse4.1, sse4.2, popcnt, lzcnt, tsc, tscinvbit, avx, avx2, aes, erms, clmul, bmi1, bmi2, adx, avx512f, avx512dq, avx512cd, avx512bw, avx512vl, sha, fma, vzeroupper, avx512_vpopcntdq, avx512_vpclmulqdq, avx512_vaes, avx512_vnni, clflush, clflushopt, clwb, avx512_vbmi2, avx512_vbmi
Processor Information for all 12 processors :
  Max Mhz: 2500, Current Mhz: 2500, Mhz Limit: 2500

Memory: 4k page, system-wide physical 40733M (26944M free)
TotalPageFile size 46621M (AvailPageFile size 25379M)
current process WorkingSet (physical memory assigned to process): 497M, peak: 499M
current process commit charge ("private bytes"): 878M, peak: 879M

vm_info: OpenJDK 64-Bit Server VM (17.0.9+8-LTS) for windows-amd64 JRE (17.0.9+8-LTS), built on Oct 12 2023 16:15:33 by "Administrator" with MS VC++ 16.10 / 16.11 (VS2019)

END.
